{"level":50,"time":1673182868239,"pid":2832,"hostname":"DESKTOP-U9O2N3U","error":"No existe el carrito."}
{"level":50,"time":1673183036074,"pid":1740,"hostname":"DESKTOP-U9O2N3U","error":"No hay carritos cargados."}
{"level":50,"time":1673183150469,"pid":2884,"hostname":"DESKTOP-U9O2N3U","error":"No existe el carrito."}
{"level":50,"time":1673183238550,"pid":14624,"hostname":"DESKTOP-U9O2N3U","error":"No hay carritos cargados."}
{"level":50,"time":1673183305377,"pid":2760,"hostname":"DESKTOP-U9O2N3U","error":"No hay carritos cargados."}
{"level":50,"time":1673186331888,"pid":13888,"hostname":"DESKTOP-U9O2N3U","error":"No hay carritos cargados."}
{"level":50,"time":1673186337479,"pid":13888,"hostname":"DESKTOP-U9O2N3U","error":"No hay carritos cargados."}
{"level":50,"time":1673186411686,"pid":892,"hostname":"DESKTOP-U9O2N3U","error":"No hay carritos cargados."}
{"level":50,"time":1673187309852,"pid":13512,"hostname":"DESKTOP-U9O2N3U","error":"No hay carritos cargados."}
{"level":50,"time":1673187385763,"pid":10712,"hostname":"DESKTOP-U9O2N3U","error":"No hay carritos cargados."}
{"level":50,"time":1673187420281,"pid":10712,"hostname":"DESKTOP-U9O2N3U","error":"No hay carritos cargados."}
{"level":50,"time":1673187433771,"pid":12372,"hostname":"DESKTOP-U9O2N3U","error":"No hay carritos cargados."}
{"level":50,"time":1673187503205,"pid":15224,"hostname":"DESKTOP-U9O2N3U","error":"No hay carritos cargados."}
{"level":50,"time":1673187998148,"pid":1356,"hostname":"DESKTOP-U9O2N3U","error":"No hay carritos cargados."}
{"level":50,"time":1673188026824,"pid":1356,"hostname":"DESKTOP-U9O2N3U","error":"No hay carritos cargados."}
{"level":50,"time":1673188033646,"pid":1356,"hostname":"DESKTOP-U9O2N3U","error":"No hay carritos cargados."}
{"level":50,"time":1673188191481,"pid":1356,"hostname":"DESKTOP-U9O2N3U","error":"No hay carritos cargados."}
{"level":50,"time":1673188235388,"pid":1356,"hostname":"DESKTOP-U9O2N3U","error":"No hay carritos cargados."}
{"level":50,"time":1673188392772,"pid":1356,"hostname":"DESKTOP-U9O2N3U","error":"No hay carritos cargados."}
{"level":50,"time":1673188472101,"pid":1356,"hostname":"DESKTOP-U9O2N3U","error":"No hay carritos cargados."}
{"level":50,"time":1673188628170,"pid":1356,"hostname":"DESKTOP-U9O2N3U","error":"No hay carritos cargados."}
{"level":50,"time":1673188683692,"pid":1356,"hostname":"DESKTOP-U9O2N3U","error":"No hay carritos cargados."}
{"level":50,"time":1673188740193,"pid":11052,"hostname":"DESKTOP-U9O2N3U","error":"No hay carritos cargados."}
{"level":50,"time":1673188758769,"pid":11052,"hostname":"DESKTOP-U9O2N3U","error":"No hay carritos cargados."}
{"level":50,"time":1673188774573,"pid":10660,"hostname":"DESKTOP-U9O2N3U","error":"No hay carritos cargados."}
{"level":50,"time":1673188784168,"pid":10660,"hostname":"DESKTOP-U9O2N3U","error":"No hay carritos cargados."}
{"level":50,"time":1673188887717,"pid":5256,"hostname":"DESKTOP-U9O2N3U","error":"No hay carritos cargados."}
{"level":50,"time":1673188931721,"pid":12552,"hostname":"DESKTOP-U9O2N3U","error":"No hay carritos cargados."}
{"level":50,"time":1673188943203,"pid":12552,"hostname":"DESKTOP-U9O2N3U","error":"No hay carritos cargados."}
{"level":50,"time":1673188952386,"pid":11208,"hostname":"DESKTOP-U9O2N3U","error":"No hay carritos cargados."}
{"level":50,"time":1673189023607,"pid":11208,"hostname":"DESKTOP-U9O2N3U","error":"No hay carritos cargados."}
{"level":50,"time":1673189039297,"pid":4372,"hostname":"DESKTOP-U9O2N3U","error":"No hay carritos cargados."}
{"level":50,"time":1673189112908,"pid":4672,"hostname":"DESKTOP-U9O2N3U","error":"No hay carritos cargados."}
{"level":50,"time":1673189133408,"pid":4672,"hostname":"DESKTOP-U9O2N3U","error":"No hay carritos cargados."}
{"level":50,"time":1673189341911,"pid":6388,"hostname":"DESKTOP-U9O2N3U","error":"Acceso denegado, usuario no logueado."}
{"level":50,"time":1673189348557,"pid":6388,"hostname":"DESKTOP-U9O2N3U","error":"No hay carritos cargados."}
{"level":50,"time":1673189362958,"pid":13048,"hostname":"DESKTOP-U9O2N3U","error":"No hay carritos cargados."}
{"level":50,"time":1673189401896,"pid":7608,"hostname":"DESKTOP-U9O2N3U","error":"No hay carritos cargados."}
{"level":50,"time":1673189420524,"pid":7120,"hostname":"DESKTOP-U9O2N3U","error":"No hay carritos cargados."}
{"level":50,"time":1673189473528,"pid":5424,"hostname":"DESKTOP-U9O2N3U","error":"No hay carritos cargados."}
{"level":50,"time":1673189504191,"pid":15188,"hostname":"DESKTOP-U9O2N3U","error":"No hay carritos cargados."}
{"level":50,"time":1673189511106,"pid":15188,"hostname":"DESKTOP-U9O2N3U","error":"No hay carritos cargados."}
{"level":50,"time":1673189634674,"pid":14044,"hostname":"DESKTOP-U9O2N3U","error":"No hay carritos cargados."}
{"level":50,"time":1673189641076,"pid":14044,"hostname":"DESKTOP-U9O2N3U","error":"No hay carritos cargados."}
{"level":50,"time":1673189656068,"pid":14044,"hostname":"DESKTOP-U9O2N3U","error":"No hay carritos cargados."}
{"level":50,"time":1673189762603,"pid":14044,"hostname":"DESKTOP-U9O2N3U","error":"No hay carritos cargados."}
{"level":50,"time":1673189800077,"pid":14292,"hostname":"DESKTOP-U9O2N3U","error":"Acceso denegado."}
{"level":50,"time":1673189815965,"pid":14292,"hostname":"DESKTOP-U9O2N3U","error":"No hay carritos cargados."}
{"level":50,"time":1673189856021,"pid":12980,"hostname":"DESKTOP-U9O2N3U","error":"No hay carritos cargados."}
{"level":50,"time":1673189940228,"pid":1816,"hostname":"DESKTOP-U9O2N3U","error":"No hay carritos cargados."}
{"level":50,"time":1673190051385,"pid":9984,"hostname":"DESKTOP-U9O2N3U","error":"No hay carritos cargados."}
{"level":50,"time":1673190167134,"pid":10868,"hostname":"DESKTOP-U9O2N3U","error":"No hay carritos cargados."}
{"level":50,"time":1673190174242,"pid":10868,"hostname":"DESKTOP-U9O2N3U","error":"No hay carritos cargados."}
{"level":50,"time":1673190269527,"pid":5436,"hostname":"DESKTOP-U9O2N3U","error":"No hay carritos cargados."}
{"level":50,"time":1673190374490,"pid":1952,"hostname":"DESKTOP-U9O2N3U","error":"No hay carritos cargados."}
{"level":50,"time":1673190616556,"pid":10284,"hostname":"DESKTOP-U9O2N3U","error":"No hay carritos cargados."}
{"level":50,"time":1673190635957,"pid":10284,"hostname":"DESKTOP-U9O2N3U","error":"No hay carritos cargados."}
{"level":50,"time":1673190919732,"pid":5256,"hostname":"DESKTOP-U9O2N3U","error":"No existe el producto."}
{"level":50,"time":1673190929777,"pid":5256,"hostname":"DESKTOP-U9O2N3U","error":"No existe el producto."}
{"level":50,"time":1673190940400,"pid":5256,"hostname":"DESKTOP-U9O2N3U","error":"No existe el producto."}
{"level":50,"time":1673190944534,"pid":5256,"hostname":"DESKTOP-U9O2N3U","error":"No existe el producto."}
{"level":50,"time":1673190979735,"pid":5256,"hostname":"DESKTOP-U9O2N3U","error":"No existe el producto."}
{"level":50,"time":1673191025695,"pid":7264,"hostname":"DESKTOP-U9O2N3U","error":"No existe el producto."}
{"level":50,"time":1673209192586,"pid":14932,"hostname":"DESKTOP-U9O2N3U","error":"No existe el producto."}
{"level":50,"time":1673209193655,"pid":14932,"hostname":"DESKTOP-U9O2N3U","error":"No existe el producto."}
{"level":50,"time":1673209194649,"pid":14932,"hostname":"DESKTOP-U9O2N3U","error":"No existe el producto."}
{"level":50,"time":1673209194815,"pid":14932,"hostname":"DESKTOP-U9O2N3U","error":"No existe el producto."}
{"level":50,"time":1673209195062,"pid":14932,"hostname":"DESKTOP-U9O2N3U","error":"No existe el producto."}
{"level":50,"time":1673209195203,"pid":14932,"hostname":"DESKTOP-U9O2N3U","error":"No existe el producto."}
{"level":50,"time":1673209196505,"pid":14932,"hostname":"DESKTOP-U9O2N3U","error":"No existe el producto."}
{"level":50,"time":1673209197888,"pid":14932,"hostname":"DESKTOP-U9O2N3U","error":"No existe el producto."}
{"level":50,"time":1673209203493,"pid":14932,"hostname":"DESKTOP-U9O2N3U","error":"No existe el producto."}
{"level":50,"time":1673209206783,"pid":14932,"hostname":"DESKTOP-U9O2N3U","error":"No existe el producto."}
{"level":50,"time":1673209211093,"pid":14932,"hostname":"DESKTOP-U9O2N3U","error":"No existe el producto."}
{"level":50,"time":1673209212088,"pid":14932,"hostname":"DESKTOP-U9O2N3U","error":"No existe el producto."}
{"level":50,"time":1673209236240,"pid":14932,"hostname":"DESKTOP-U9O2N3U","error":"No existe el producto."}
